<?xml version="1.0" encoding="UTF-8"?>
<testsuite xmlns:xsi="http://www.w3.org/2001/XMLSchema-instance" xsi:noNamespaceSchemaLocation="https://maven.apache.org/surefire/maven-surefire-plugin/xsd/surefire-test-report-3.0.xsd" version="3.0" name="TestSuite" time="700.002" tests="14" errors="0" skipped="0" failures="0">
  <properties>
    <property name="java.specification.version" value="14"/>
    <property name="webdriver.chrome.driver" value="C:\Selemium_drivers\chromedriver_win32\chromedriver.exe"/>
    <property name="sun.cpu.isalist" value="amd64"/>
    <property name="sun.jnu.encoding" value="Cp1252"/>
    <property name="java.class.path" value="C:\Users\SINDHU\eclipse-workspace\FirstMavenAmazonTest\target\test-classes;C:\Users\SINDHU\eclipse-workspace\FirstMavenAmazonTest\target\classes;C:\Users\SINDHU\.m2\repository\junit\junit\3.8.1\junit-3.8.1.jar;C:\Users\SINDHU\.m2\repository\org\seleniumhq\selenium\selenium-java\3.141.59\selenium-java-3.141.59.jar;C:\Users\SINDHU\.m2\repository\org\seleniumhq\selenium\selenium-api\3.141.59\selenium-api-3.141.59.jar;C:\Users\SINDHU\.m2\repository\org\seleniumhq\selenium\selenium-chrome-driver\3.141.59\selenium-chrome-driver-3.141.59.jar;C:\Users\SINDHU\.m2\repository\org\seleniumhq\selenium\selenium-edge-driver\3.141.59\selenium-edge-driver-3.141.59.jar;C:\Users\SINDHU\.m2\repository\org\seleniumhq\selenium\selenium-firefox-driver\3.141.59\selenium-firefox-driver-3.141.59.jar;C:\Users\SINDHU\.m2\repository\org\seleniumhq\selenium\selenium-ie-driver\3.141.59\selenium-ie-driver-3.141.59.jar;C:\Users\SINDHU\.m2\repository\org\seleniumhq\selenium\selenium-opera-driver\3.141.59\selenium-opera-driver-3.141.59.jar;C:\Users\SINDHU\.m2\repository\org\seleniumhq\selenium\selenium-remote-driver\3.141.59\selenium-remote-driver-3.141.59.jar;C:\Users\SINDHU\.m2\repository\org\seleniumhq\selenium\selenium-safari-driver\3.141.59\selenium-safari-driver-3.141.59.jar;C:\Users\SINDHU\.m2\repository\org\seleniumhq\selenium\selenium-support\3.141.59\selenium-support-3.141.59.jar;C:\Users\SINDHU\.m2\repository\net\bytebuddy\byte-buddy\1.8.15\byte-buddy-1.8.15.jar;C:\Users\SINDHU\.m2\repository\org\apache\commons\commons-exec\1.3\commons-exec-1.3.jar;C:\Users\SINDHU\.m2\repository\com\google\guava\guava\25.0-jre\guava-25.0-jre.jar;C:\Users\SINDHU\.m2\repository\com\google\code\findbugs\jsr305\1.3.9\jsr305-1.3.9.jar;C:\Users\SINDHU\.m2\repository\org\checkerframework\checker-compat-qual\2.0.0\checker-compat-qual-2.0.0.jar;C:\Users\SINDHU\.m2\repository\com\google\errorprone\error_prone_annotations\2.1.3\error_prone_annotations-2.1.3.jar;C:\Users\SINDHU\.m2\repository\com\google\j2objc\j2objc-annotations\1.1\j2objc-annotations-1.1.jar;C:\Users\SINDHU\.m2\repository\org\codehaus\mojo\animal-sniffer-annotations\1.14\animal-sniffer-annotations-1.14.jar;C:\Users\SINDHU\.m2\repository\com\squareup\okhttp3\okhttp\3.11.0\okhttp-3.11.0.jar;C:\Users\SINDHU\.m2\repository\com\squareup\okio\okio\1.14.0\okio-1.14.0.jar;C:\Users\SINDHU\.m2\repository\org\testng\testng\6.8\testng-6.8.jar;C:\Users\SINDHU\.m2\repository\org\beanshell\bsh\2.0b4\bsh-2.0b4.jar;C:\Users\SINDHU\.m2\repository\com\beust\jcommander\1.27\jcommander-1.27.jar;C:\Users\SINDHU\.m2\repository\org\yaml\snakeyaml\1.6\snakeyaml-1.6.jar;C:\Users\SINDHU\.m2\repository\org\apache\poi\poi\5.0.0\poi-5.0.0.jar;C:\Users\SINDHU\.m2\repository\org\slf4j\slf4j-api\1.7.30\slf4j-api-1.7.30.jar;C:\Users\SINDHU\.m2\repository\org\slf4j\jcl-over-slf4j\1.7.30\jcl-over-slf4j-1.7.30.jar;C:\Users\SINDHU\.m2\repository\commons-codec\commons-codec\1.15\commons-codec-1.15.jar;C:\Users\SINDHU\.m2\repository\org\apache\commons\commons-math3\3.6.1\commons-math3-3.6.1.jar;C:\Users\SINDHU\.m2\repository\com\zaxxer\SparseBitSet\1.2\SparseBitSet-1.2.jar;C:\Users\SINDHU\.m2\repository\org\apache\poi\poi-ooxml\5.0.0\poi-ooxml-5.0.0.jar;C:\Users\SINDHU\.m2\repository\org\apache\poi\poi-ooxml-lite\5.0.0\poi-ooxml-lite-5.0.0.jar;C:\Users\SINDHU\.m2\repository\org\apache\commons\commons-compress\1.20\commons-compress-1.20.jar;C:\Users\SINDHU\.m2\repository\com\github\virtuald\curvesapi\1.06\curvesapi-1.06.jar;C:\Users\SINDHU\.m2\repository\org\bouncycastle\bcpkix-jdk15on\1.68\bcpkix-jdk15on-1.68.jar;C:\Users\SINDHU\.m2\repository\org\bouncycastle\bcprov-jdk15on\1.68\bcprov-jdk15on-1.68.jar;C:\Users\SINDHU\.m2\repository\org\apache\santuario\xmlsec\2.2.1\xmlsec-2.2.1.jar;C:\Users\SINDHU\.m2\repository\com\fasterxml\woodstox\woodstox-core\5.2.1\woodstox-core-5.2.1.jar;C:\Users\SINDHU\.m2\repository\org\codehaus\woodstox\stax2-api\4.2\stax2-api-4.2.jar;C:\Users\SINDHU\.m2\repository\jakarta\xml\bind\jakarta.xml.bind-api\2.3.2\jakarta.xml.bind-api-2.3.2.jar;C:\Users\SINDHU\.m2\repository\jakarta\activation\jakarta.activation-api\1.2.1\jakarta.activation-api-1.2.1.jar;C:\Users\SINDHU\.m2\repository\org\apache\xmlgraphics\batik-all\1.13\batik-all-1.13.jar;C:\Users\SINDHU\.m2\repository\org\apache\xmlgraphics\batik-anim\1.13\batik-anim-1.13.jar;C:\Users\SINDHU\.m2\repository\org\apache\xmlgraphics\batik-shared-resources\1.13\batik-shared-resources-1.13.jar;C:\Users\SINDHU\.m2\repository\xml-apis\xml-apis-ext\1.3.04\xml-apis-ext-1.3.04.jar;C:\Users\SINDHU\.m2\repository\org\apache\xmlgraphics\batik-awt-util\1.13\batik-awt-util-1.13.jar;C:\Users\SINDHU\.m2\repository\org\apache\xmlgraphics\xmlgraphics-commons\2.4\xmlgraphics-commons-2.4.jar;C:\Users\SINDHU\.m2\repository\org\apache\xmlgraphics\batik-bridge\1.13\batik-bridge-1.13.jar;C:\Users\SINDHU\.m2\repository\org\apache\xmlgraphics\batik-codec\1.13\batik-codec-1.13.jar;C:\Users\SINDHU\.m2\repository\org\apache\xmlgraphics\batik-constants\1.13\batik-constants-1.13.jar;C:\Users\SINDHU\.m2\repository\org\apache\xmlgraphics\batik-css\1.13\batik-css-1.13.jar;C:\Users\SINDHU\.m2\repository\org\apache\xmlgraphics\batik-dom\1.13\batik-dom-1.13.jar;C:\Users\SINDHU\.m2\repository\xalan\xalan\2.7.2\xalan-2.7.2.jar;C:\Users\SINDHU\.m2\repository\xalan\serializer\2.7.2\serializer-2.7.2.jar;C:\Users\SINDHU\.m2\repository\xml-apis\xml-apis\1.4.01\xml-apis-1.4.01.jar;C:\Users\SINDHU\.m2\repository\org\apache\xmlgraphics\batik-ext\1.13\batik-ext-1.13.jar;C:\Users\SINDHU\.m2\repository\org\apache\xmlgraphics\batik-extension\1.13\batik-extension-1.13.jar;C:\Users\SINDHU\.m2\repository\org\apache\xmlgraphics\batik-gui-util\1.13\batik-gui-util-1.13.jar;C:\Users\SINDHU\.m2\repository\org\apache\xmlgraphics\batik-gvt\1.13\batik-gvt-1.13.jar;C:\Users\SINDHU\.m2\repository\org\apache\xmlgraphics\batik-i18n\1.13\batik-i18n-1.13.jar;C:\Users\SINDHU\.m2\repository\org\apache\xmlgraphics\batik-parser\1.13\batik-parser-1.13.jar;C:\Users\SINDHU\.m2\repository\org\apache\xmlgraphics\batik-rasterizer-ext\1.13\batik-rasterizer-ext-1.13.jar;C:\Users\SINDHU\.m2\repository\org\apache\xmlgraphics\batik-rasterizer\1.13\batik-rasterizer-1.13.jar;C:\Users\SINDHU\.m2\repository\org\apache\xmlgraphics\batik-script\1.13\batik-script-1.13.jar;C:\Users\SINDHU\.m2\repository\org\apache\xmlgraphics\batik-slideshow\1.13\batik-slideshow-1.13.jar;C:\Users\SINDHU\.m2\repository\org\apache\xmlgraphics\batik-squiggle-ext\1.13\batik-squiggle-ext-1.13.jar;C:\Users\SINDHU\.m2\repository\org\apache\xmlgraphics\batik-squiggle\1.13\batik-squiggle-1.13.jar;C:\Users\SINDHU\.m2\repository\org\apache\xmlgraphics\batik-svg-dom\1.13\batik-svg-dom-1.13.jar;C:\Users\SINDHU\.m2\repository\org\apache\xmlgraphics\batik-svgbrowser\1.13\batik-svgbrowser-1.13.jar;C:\Users\SINDHU\.m2\repository\org\apache\xmlgraphics\batik-svggen\1.13\batik-svggen-1.13.jar;C:\Users\SINDHU\.m2\repository\org\apache\xmlgraphics\batik-svgpp\1.13\batik-svgpp-1.13.jar;C:\Users\SINDHU\.m2\repository\org\apache\xmlgraphics\batik-svgrasterizer\1.13\batik-svgrasterizer-1.13.jar;C:\Users\SINDHU\.m2\repository\org\apache\xmlgraphics\batik-swing\1.13\batik-swing-1.13.jar;C:\Users\SINDHU\.m2\repository\org\apache\xmlgraphics\batik-transcoder\1.13\batik-transcoder-1.13.jar;C:\Users\SINDHU\.m2\repository\org\apache\xmlgraphics\batik-util\1.13\batik-util-1.13.jar;C:\Users\SINDHU\.m2\repository\org\apache\xmlgraphics\batik-ttf2svg\1.13\batik-ttf2svg-1.13.jar;C:\Users\SINDHU\.m2\repository\org\apache\xmlgraphics\batik-xml\1.13\batik-xml-1.13.jar;C:\Users\SINDHU\.m2\repository\de\rototor\pdfbox\graphics2d\0.30\graphics2d-0.30.jar;C:\Users\SINDHU\.m2\repository\org\apache\pdfbox\pdfbox\2.0.22\pdfbox-2.0.22.jar;C:\Users\SINDHU\.m2\repository\org\apache\pdfbox\fontbox\2.0.22\fontbox-2.0.22.jar;C:\Users\SINDHU\.m2\repository\org\apache\poi\poi-ooxml-schemas\4.1.2\poi-ooxml-schemas-4.1.2.jar;C:\Users\SINDHU\.m2\repository\org\apache\poi\ooxml-schemas\1.4\ooxml-schemas-1.4.jar;C:\Users\SINDHU\.m2\repository\org\apache\commons\commons-collections4\4.1\commons-collections4-4.1.jar;C:\Users\SINDHU\.m2\repository\org\apache\xmlbeans\xmlbeans\4.0.0\xmlbeans-4.0.0.jar;C:\Users\SINDHU\.m2\repository\com\aventstack\extentreports\3.1.5\extentreports-3.1.5.jar;C:\Users\SINDHU\.m2\repository\org\freemarker\freemarker\2.3.23\freemarker-2.3.23.jar;C:\Users\SINDHU\.m2\repository\org\mongodb\mongodb-driver\3.3.0\mongodb-driver-3.3.0.jar;C:\Users\SINDHU\.m2\repository\org\mongodb\bson\3.3.0\bson-3.3.0.jar;C:\Users\SINDHU\.m2\repository\org\mongodb\mongodb-driver-core\3.3.0\mongodb-driver-core-3.3.0.jar;C:\Users\SINDHU\.m2\repository\org\apache\httpcomponents\httpclient\4.5.2\httpclient-4.5.2.jar;C:\Users\SINDHU\.m2\repository\org\apache\httpcomponents\httpcore\4.4.4\httpcore-4.4.4.jar;C:\Users\SINDHU\.m2\repository\commons-logging\commons-logging\1.2\commons-logging-1.2.jar;C:\Users\SINDHU\.m2\repository\org\apache\httpcomponents\httpmime\4.5.2\httpmime-4.5.2.jar;C:\Users\SINDHU\.m2\repository\org\jsoup\jsoup\1.9.2\jsoup-1.9.2.jar;C:\Users\SINDHU\.m2\repository\com\google\code\gson\gson\2.8.0\gson-2.8.0.jar;C:\Users\SINDHU\.m2\repository\log4j\log4j\1.2.17\log4j-1.2.17.jar;C:\Users\SINDHU\.m2\repository\commons-io\commons-io\2.6\commons-io-2.6.jar;"/>
    <property name="java.vm.vendor" value="Oracle Corporation"/>
    <property name="sun.arch.data.model" value="64"/>
    <property name="user.variant" value=""/>
    <property name="java.vendor.url" value="https://java.oracle.com/"/>
    <property name="user.timezone" value="Asia/Calcutta"/>
    <property name="os.name" value="Windows 10"/>
    <property name="java.vm.specification.version" value="14"/>
    <property name="sun.java.launcher" value="SUN_STANDARD"/>
    <property name="user.country" value="IN"/>
    <property name="sun.boot.library.path" value="C:\Program Files\Java\jdk-14.0.1\bin"/>
    <property name="sun.java.command" value="C:\Users\SINDHU\AppData\Local\Temp\surefire13692921660999644881\surefirebooter17543648769254907965.jar C:\Users\SINDHU\AppData\Local\Temp\surefire13692921660999644881 2021-03-15T16-27-52_455-jvmRun1 surefire5827433331647638696tmp surefire_0491925444318867195tmp"/>
    <property name="jdk.debug" value="release"/>
    <property name="surefire.test.class.path" value="C:\Users\SINDHU\eclipse-workspace\FirstMavenAmazonTest\target\test-classes;C:\Users\SINDHU\eclipse-workspace\FirstMavenAmazonTest\target\classes;C:\Users\SINDHU\.m2\repository\junit\junit\3.8.1\junit-3.8.1.jar;C:\Users\SINDHU\.m2\repository\org\seleniumhq\selenium\selenium-java\3.141.59\selenium-java-3.141.59.jar;C:\Users\SINDHU\.m2\repository\org\seleniumhq\selenium\selenium-api\3.141.59\selenium-api-3.141.59.jar;C:\Users\SINDHU\.m2\repository\org\seleniumhq\selenium\selenium-chrome-driver\3.141.59\selenium-chrome-driver-3.141.59.jar;C:\Users\SINDHU\.m2\repository\org\seleniumhq\selenium\selenium-edge-driver\3.141.59\selenium-edge-driver-3.141.59.jar;C:\Users\SINDHU\.m2\repository\org\seleniumhq\selenium\selenium-firefox-driver\3.141.59\selenium-firefox-driver-3.141.59.jar;C:\Users\SINDHU\.m2\repository\org\seleniumhq\selenium\selenium-ie-driver\3.141.59\selenium-ie-driver-3.141.59.jar;C:\Users\SINDHU\.m2\repository\org\seleniumhq\selenium\selenium-opera-driver\3.141.59\selenium-opera-driver-3.141.59.jar;C:\Users\SINDHU\.m2\repository\org\seleniumhq\selenium\selenium-remote-driver\3.141.59\selenium-remote-driver-3.141.59.jar;C:\Users\SINDHU\.m2\repository\org\seleniumhq\selenium\selenium-safari-driver\3.141.59\selenium-safari-driver-3.141.59.jar;C:\Users\SINDHU\.m2\repository\org\seleniumhq\selenium\selenium-support\3.141.59\selenium-support-3.141.59.jar;C:\Users\SINDHU\.m2\repository\net\bytebuddy\byte-buddy\1.8.15\byte-buddy-1.8.15.jar;C:\Users\SINDHU\.m2\repository\org\apache\commons\commons-exec\1.3\commons-exec-1.3.jar;C:\Users\SINDHU\.m2\repository\com\google\guava\guava\25.0-jre\guava-25.0-jre.jar;C:\Users\SINDHU\.m2\repository\com\google\code\findbugs\jsr305\1.3.9\jsr305-1.3.9.jar;C:\Users\SINDHU\.m2\repository\org\checkerframework\checker-compat-qual\2.0.0\checker-compat-qual-2.0.0.jar;C:\Users\SINDHU\.m2\repository\com\google\errorprone\error_prone_annotations\2.1.3\error_prone_annotations-2.1.3.jar;C:\Users\SINDHU\.m2\repository\com\google\j2objc\j2objc-annotations\1.1\j2objc-annotations-1.1.jar;C:\Users\SINDHU\.m2\repository\org\codehaus\mojo\animal-sniffer-annotations\1.14\animal-sniffer-annotations-1.14.jar;C:\Users\SINDHU\.m2\repository\com\squareup\okhttp3\okhttp\3.11.0\okhttp-3.11.0.jar;C:\Users\SINDHU\.m2\repository\com\squareup\okio\okio\1.14.0\okio-1.14.0.jar;C:\Users\SINDHU\.m2\repository\org\testng\testng\6.8\testng-6.8.jar;C:\Users\SINDHU\.m2\repository\org\beanshell\bsh\2.0b4\bsh-2.0b4.jar;C:\Users\SINDHU\.m2\repository\com\beust\jcommander\1.27\jcommander-1.27.jar;C:\Users\SINDHU\.m2\repository\org\yaml\snakeyaml\1.6\snakeyaml-1.6.jar;C:\Users\SINDHU\.m2\repository\org\apache\poi\poi\5.0.0\poi-5.0.0.jar;C:\Users\SINDHU\.m2\repository\org\slf4j\slf4j-api\1.7.30\slf4j-api-1.7.30.jar;C:\Users\SINDHU\.m2\repository\org\slf4j\jcl-over-slf4j\1.7.30\jcl-over-slf4j-1.7.30.jar;C:\Users\SINDHU\.m2\repository\commons-codec\commons-codec\1.15\commons-codec-1.15.jar;C:\Users\SINDHU\.m2\repository\org\apache\commons\commons-math3\3.6.1\commons-math3-3.6.1.jar;C:\Users\SINDHU\.m2\repository\com\zaxxer\SparseBitSet\1.2\SparseBitSet-1.2.jar;C:\Users\SINDHU\.m2\repository\org\apache\poi\poi-ooxml\5.0.0\poi-ooxml-5.0.0.jar;C:\Users\SINDHU\.m2\repository\org\apache\poi\poi-ooxml-lite\5.0.0\poi-ooxml-lite-5.0.0.jar;C:\Users\SINDHU\.m2\repository\org\apache\commons\commons-compress\1.20\commons-compress-1.20.jar;C:\Users\SINDHU\.m2\repository\com\github\virtuald\curvesapi\1.06\curvesapi-1.06.jar;C:\Users\SINDHU\.m2\repository\org\bouncycastle\bcpkix-jdk15on\1.68\bcpkix-jdk15on-1.68.jar;C:\Users\SINDHU\.m2\repository\org\bouncycastle\bcprov-jdk15on\1.68\bcprov-jdk15on-1.68.jar;C:\Users\SINDHU\.m2\repository\org\apache\santuario\xmlsec\2.2.1\xmlsec-2.2.1.jar;C:\Users\SINDHU\.m2\repository\com\fasterxml\woodstox\woodstox-core\5.2.1\woodstox-core-5.2.1.jar;C:\Users\SINDHU\.m2\repository\org\codehaus\woodstox\stax2-api\4.2\stax2-api-4.2.jar;C:\Users\SINDHU\.m2\repository\jakarta\xml\bind\jakarta.xml.bind-api\2.3.2\jakarta.xml.bind-api-2.3.2.jar;C:\Users\SINDHU\.m2\repository\jakarta\activation\jakarta.activation-api\1.2.1\jakarta.activation-api-1.2.1.jar;C:\Users\SINDHU\.m2\repository\org\apache\xmlgraphics\batik-all\1.13\batik-all-1.13.jar;C:\Users\SINDHU\.m2\repository\org\apache\xmlgraphics\batik-anim\1.13\batik-anim-1.13.jar;C:\Users\SINDHU\.m2\repository\org\apache\xmlgraphics\batik-shared-resources\1.13\batik-shared-resources-1.13.jar;C:\Users\SINDHU\.m2\repository\xml-apis\xml-apis-ext\1.3.04\xml-apis-ext-1.3.04.jar;C:\Users\SINDHU\.m2\repository\org\apache\xmlgraphics\batik-awt-util\1.13\batik-awt-util-1.13.jar;C:\Users\SINDHU\.m2\repository\org\apache\xmlgraphics\xmlgraphics-commons\2.4\xmlgraphics-commons-2.4.jar;C:\Users\SINDHU\.m2\repository\org\apache\xmlgraphics\batik-bridge\1.13\batik-bridge-1.13.jar;C:\Users\SINDHU\.m2\repository\org\apache\xmlgraphics\batik-codec\1.13\batik-codec-1.13.jar;C:\Users\SINDHU\.m2\repository\org\apache\xmlgraphics\batik-constants\1.13\batik-constants-1.13.jar;C:\Users\SINDHU\.m2\repository\org\apache\xmlgraphics\batik-css\1.13\batik-css-1.13.jar;C:\Users\SINDHU\.m2\repository\org\apache\xmlgraphics\batik-dom\1.13\batik-dom-1.13.jar;C:\Users\SINDHU\.m2\repository\xalan\xalan\2.7.2\xalan-2.7.2.jar;C:\Users\SINDHU\.m2\repository\xalan\serializer\2.7.2\serializer-2.7.2.jar;C:\Users\SINDHU\.m2\repository\xml-apis\xml-apis\1.4.01\xml-apis-1.4.01.jar;C:\Users\SINDHU\.m2\repository\org\apache\xmlgraphics\batik-ext\1.13\batik-ext-1.13.jar;C:\Users\SINDHU\.m2\repository\org\apache\xmlgraphics\batik-extension\1.13\batik-extension-1.13.jar;C:\Users\SINDHU\.m2\repository\org\apache\xmlgraphics\batik-gui-util\1.13\batik-gui-util-1.13.jar;C:\Users\SINDHU\.m2\repository\org\apache\xmlgraphics\batik-gvt\1.13\batik-gvt-1.13.jar;C:\Users\SINDHU\.m2\repository\org\apache\xmlgraphics\batik-i18n\1.13\batik-i18n-1.13.jar;C:\Users\SINDHU\.m2\repository\org\apache\xmlgraphics\batik-parser\1.13\batik-parser-1.13.jar;C:\Users\SINDHU\.m2\repository\org\apache\xmlgraphics\batik-rasterizer-ext\1.13\batik-rasterizer-ext-1.13.jar;C:\Users\SINDHU\.m2\repository\org\apache\xmlgraphics\batik-rasterizer\1.13\batik-rasterizer-1.13.jar;C:\Users\SINDHU\.m2\repository\org\apache\xmlgraphics\batik-script\1.13\batik-script-1.13.jar;C:\Users\SINDHU\.m2\repository\org\apache\xmlgraphics\batik-slideshow\1.13\batik-slideshow-1.13.jar;C:\Users\SINDHU\.m2\repository\org\apache\xmlgraphics\batik-squiggle-ext\1.13\batik-squiggle-ext-1.13.jar;C:\Users\SINDHU\.m2\repository\org\apache\xmlgraphics\batik-squiggle\1.13\batik-squiggle-1.13.jar;C:\Users\SINDHU\.m2\repository\org\apache\xmlgraphics\batik-svg-dom\1.13\batik-svg-dom-1.13.jar;C:\Users\SINDHU\.m2\repository\org\apache\xmlgraphics\batik-svgbrowser\1.13\batik-svgbrowser-1.13.jar;C:\Users\SINDHU\.m2\repository\org\apache\xmlgraphics\batik-svggen\1.13\batik-svggen-1.13.jar;C:\Users\SINDHU\.m2\repository\org\apache\xmlgraphics\batik-svgpp\1.13\batik-svgpp-1.13.jar;C:\Users\SINDHU\.m2\repository\org\apache\xmlgraphics\batik-svgrasterizer\1.13\batik-svgrasterizer-1.13.jar;C:\Users\SINDHU\.m2\repository\org\apache\xmlgraphics\batik-swing\1.13\batik-swing-1.13.jar;C:\Users\SINDHU\.m2\repository\org\apache\xmlgraphics\batik-transcoder\1.13\batik-transcoder-1.13.jar;C:\Users\SINDHU\.m2\repository\org\apache\xmlgraphics\batik-util\1.13\batik-util-1.13.jar;C:\Users\SINDHU\.m2\repository\org\apache\xmlgraphics\batik-ttf2svg\1.13\batik-ttf2svg-1.13.jar;C:\Users\SINDHU\.m2\repository\org\apache\xmlgraphics\batik-xml\1.13\batik-xml-1.13.jar;C:\Users\SINDHU\.m2\repository\de\rototor\pdfbox\graphics2d\0.30\graphics2d-0.30.jar;C:\Users\SINDHU\.m2\repository\org\apache\pdfbox\pdfbox\2.0.22\pdfbox-2.0.22.jar;C:\Users\SINDHU\.m2\repository\org\apache\pdfbox\fontbox\2.0.22\fontbox-2.0.22.jar;C:\Users\SINDHU\.m2\repository\org\apache\poi\poi-ooxml-schemas\4.1.2\poi-ooxml-schemas-4.1.2.jar;C:\Users\SINDHU\.m2\repository\org\apache\poi\ooxml-schemas\1.4\ooxml-schemas-1.4.jar;C:\Users\SINDHU\.m2\repository\org\apache\commons\commons-collections4\4.1\commons-collections4-4.1.jar;C:\Users\SINDHU\.m2\repository\org\apache\xmlbeans\xmlbeans\4.0.0\xmlbeans-4.0.0.jar;C:\Users\SINDHU\.m2\repository\com\aventstack\extentreports\3.1.5\extentreports-3.1.5.jar;C:\Users\SINDHU\.m2\repository\org\freemarker\freemarker\2.3.23\freemarker-2.3.23.jar;C:\Users\SINDHU\.m2\repository\org\mongodb\mongodb-driver\3.3.0\mongodb-driver-3.3.0.jar;C:\Users\SINDHU\.m2\repository\org\mongodb\bson\3.3.0\bson-3.3.0.jar;C:\Users\SINDHU\.m2\repository\org\mongodb\mongodb-driver-core\3.3.0\mongodb-driver-core-3.3.0.jar;C:\Users\SINDHU\.m2\repository\org\apache\httpcomponents\httpclient\4.5.2\httpclient-4.5.2.jar;C:\Users\SINDHU\.m2\repository\org\apache\httpcomponents\httpcore\4.4.4\httpcore-4.4.4.jar;C:\Users\SINDHU\.m2\repository\commons-logging\commons-logging\1.2\commons-logging-1.2.jar;C:\Users\SINDHU\.m2\repository\org\apache\httpcomponents\httpmime\4.5.2\httpmime-4.5.2.jar;C:\Users\SINDHU\.m2\repository\org\jsoup\jsoup\1.9.2\jsoup-1.9.2.jar;C:\Users\SINDHU\.m2\repository\com\google\code\gson\gson\2.8.0\gson-2.8.0.jar;C:\Users\SINDHU\.m2\repository\log4j\log4j\1.2.17\log4j-1.2.17.jar;C:\Users\SINDHU\.m2\repository\commons-io\commons-io\2.6\commons-io-2.6.jar;"/>
    <property name="sun.cpu.endian" value="little"/>
    <property name="user.home" value="C:\Users\SINDHU"/>
    <property name="user.language" value="en"/>
    <property name="java.specification.vendor" value="Oracle Corporation"/>
    <property name="java.version.date" value="2020-04-14"/>
    <property name="java.home" value="C:\Program Files\Java\jdk-14.0.1"/>
    <property name="file.separator" value="\"/>
    <property name="basedir" value="C:\Users\SINDHU\eclipse-workspace\FirstMavenAmazonTest"/>
    <property name="java.vm.compressedOopsMode" value="32-bit"/>
    <property name="line.separator" value="&#10;"/>
    <property name="java.vm.specification.vendor" value="Oracle Corporation"/>
    <property name="java.specification.name" value="Java Platform API Specification"/>
    <property name="surefire.real.class.path" value="C:\Users\SINDHU\AppData\Local\Temp\surefire13692921660999644881\surefirebooter17543648769254907965.jar"/>
    <property name="user.script" value=""/>
    <property name="sun.management.compiler" value="HotSpot 64-Bit Tiered Compilers"/>
    <property name="java.runtime.version" value="14.0.1+7"/>
    <property name="user.name" value="SINDHU"/>
    <property name="path.separator" value=";"/>
    <property name="os.version" value="10.0"/>
    <property name="java.runtime.name" value="Java(TM) SE Runtime Environment"/>
    <property name="file.encoding" value="Cp1252"/>
    <property name="java.vm.name" value="Java HotSpot(TM) 64-Bit Server VM"/>
    <property name="localRepository" value="C:\Users\SINDHU\.m2\repository"/>
    <property name="java.vendor.url.bug" value="https://bugreport.java.com/bugreport/"/>
    <property name="java.io.tmpdir" value="C:\Users\SINDHU\AppData\Local\Temp\"/>
    <property name="java.version" value="14.0.1"/>
    <property name="user.dir" value="C:\Users\SINDHU\eclipse-workspace\FirstMavenAmazonTest"/>
    <property name="os.arch" value="amd64"/>
    <property name="java.vm.specification.name" value="Java Virtual Machine Specification"/>
    <property name="sun.os.patch.level" value=""/>
    <property name="java.library.path" value="C:\Program Files\Java\jdk-14.0.1\bin;C:\Windows\Sun\Java\bin;C:\Windows\system32;C:\Windows;C:/Program Files/Java/jre1.8.0_251/bin/server;C:/Program Files/Java/jre1.8.0_251/bin;C:/Program Files/Java/jre1.8.0_251/lib/amd64;C:\Program Files (x86)\Common Files\Oracle\Java\javapath;C:\Windows\system32;C:\Windows;C:\Windows\System32\Wbem;C:\Windows\System32\WindowsPowerShell\v1.0\;C:\Windows\System32\OpenSSH\;C:\Program Files\Git\cmd;C:\Program Files\PuTTY\;C:\Program Files\Java\jdk-14.0.1\bin;C:\eclipse;;."/>
    <property name="java.vm.info" value="mixed mode, sharing"/>
    <property name="java.vendor" value="Oracle Corporation"/>
    <property name="java.vm.version" value="14.0.1+7"/>
    <property name="sun.io.unicode.encoding" value="UnicodeLittle"/>
    <property name="java.class.version" value="58.0"/>
  </properties>
  <testcase name="CheckHomePageTitleTest" classname="com.amazontest.HomePageTest" time="0.003">
    <system-out><![CDATA[Directory already exists: C:\Users\SINDHU\eclipse-workspace\FirstMavenAmazonTest\TestReport
Directory already exists: C:\Users\SINDHU\eclipse-workspace\FirstMavenAmazonTest\TestReport\Screenshots
C:\Users\SINDHU\eclipse-workspace\FirstMavenAmazonTest\TestReport\Extent-Report.html
...
... TestNG 6.8beta 20120825_1010 by C�dric Beust (cedric@beust.com)
...

*** Test Suite Amazon Test started ***
C:\Users\SINDHU\eclipse-workspace\FirstMavenAmazonTest\TestReport\Screenshots\CheckHomePageTitleTest.png
C:\Users\SINDHU\eclipse-workspace\FirstMavenAmazonTest\TestReport\Screenshots\CheckProductPageTitle.png
C:\Users\SINDHU\eclipse-workspace\FirstMavenAmazonTest\TestReport\Screenshots\CheckSearchPageTitle.png
C:\Users\SINDHU\eclipse-workspace\FirstMavenAmazonTest\TestReport\Screenshots\CheckSearchResultsPageTitle.png
C:\Users\SINDHU\eclipse-workspace\FirstMavenAmazonTest\TestReport\Screenshots\CheckSignInPageTitle.png
C:\Users\SINDHU\eclipse-workspace\FirstMavenAmazonTest\TestReport\Screenshots\ClicktoSignIn.png
C:\Users\SINDHU\eclipse-workspace\FirstMavenAmazonTest\TestReport\Screenshots\LaunchProduct.png
C:\Users\SINDHU\eclipse-workspace\FirstMavenAmazonTest\TestReport\Screenshots\Login.png
C:\Users\SINDHU\eclipse-workspace\FirstMavenAmazonTest\TestReport\Screenshots\SearchRequiredProduct.png
Before navigating to: 'https://www.amazon.in/'
Navigated to:'https://www.amazon.in/'
*** Running test method CheckHomePageTitleTest...
]]></system-out>
    <system-err><![CDATA[Starting ChromeDriver 88.0.4324.96 (68dba2d8a0b149a1d3afac56fa74648032bcf46b-refs/branch-heads/4324@{#1784}) on port 5880
Only local connections are allowed.
Please see https://chromedriver.chromium.org/security-considerations for suggestions on keeping ChromeDriver safe.
ChromeDriver was started successfully.
[1615805875.956][WARNING]: This version of ChromeDriver has not been tested with Chrome version 89.
Mar 15, 2021 4:27:55 PM org.openqa.selenium.remote.ProtocolHandshake createSession
INFO: Detected dialect: W3C
]]></system-err>
  </testcase>
  <testcase name="ClicktoSignIn" classname="com.amazontest.HomePageTest" time="2.391">
    <system-out><![CDATA[*** Executed CheckHomePageTitleTest test successfully...
Before navigating to: 'https://www.amazon.in/'
Navigated to:'https://www.amazon.in/'
*** Running test method ClicktoSignIn...
Trying to find Element By : By.xpath: //span[@id='nav-link-accountList-nav-line-1']
Found Element By : By.xpath: //span[@id='nav-link-accountList-nav-line-1']
Trying to click on: [[ChromeDriver: chrome on WINDOWS (a0acd8f196e3fb7fdfe9c0e39b9deae0)] -> xpath: //span[@id='nav-link-accountList-nav-line-1']]
Clicked on: [[ChromeDriver: chrome on WINDOWS (a0acd8f196e3fb7fdfe9c0e39b9deae0)] -> xpath: //span[@id='nav-link-accountList-nav-line-1']]
]]></system-out>
    <system-err><![CDATA[Starting ChromeDriver 88.0.4324.96 (68dba2d8a0b149a1d3afac56fa74648032bcf46b-refs/branch-heads/4324@{#1784}) on port 38368
Only local connections are allowed.
Please see https://chromedriver.chromium.org/security-considerations for suggestions on keeping ChromeDriver safe.
ChromeDriver was started successfully.
[1615805886.056][WARNING]: This version of ChromeDriver has not been tested with Chrome version 89.
Mar 15, 2021 4:28:06 PM org.openqa.selenium.remote.ProtocolHandshake createSession
INFO: Detected dialect: W3C
]]></system-err>
  </testcase>
  <testcase name="CheckSignInPageTitle" classname="com.amazontest.SignInPageTest" time="0">
    <system-out><![CDATA[*** Executed ClicktoSignIn test successfully...
Before navigating to: 'https://www.amazon.in/'
Navigated to:'https://www.amazon.in/'
Trying to find Element By : By.xpath: //span[@id='nav-link-accountList-nav-line-1']
Found Element By : By.xpath: //span[@id='nav-link-accountList-nav-line-1']
Trying to click on: [[ChromeDriver: chrome on WINDOWS (02ba2cb10257e352d03329fcea278145)] -> xpath: //span[@id='nav-link-accountList-nav-line-1']]
Clicked on: [[ChromeDriver: chrome on WINDOWS (02ba2cb10257e352d03329fcea278145)] -> xpath: //span[@id='nav-link-accountList-nav-line-1']]
*** Running test method CheckSignInPageTitle...
]]></system-out>
    <system-err><![CDATA[Starting ChromeDriver 88.0.4324.96 (68dba2d8a0b149a1d3afac56fa74648032bcf46b-refs/branch-heads/4324@{#1784}) on port 14831
Only local connections are allowed.
Please see https://chromedriver.chromium.org/security-considerations for suggestions on keeping ChromeDriver safe.
ChromeDriver was started successfully.
[1615805898.650][WARNING]: This version of ChromeDriver has not been tested with Chrome version 89.
Mar 15, 2021 4:28:18 PM org.openqa.selenium.remote.ProtocolHandshake createSession
INFO: Detected dialect: W3C
]]></system-err>
  </testcase>
  <testcase name="Login" classname="com.amazontest.SignInPageTest" time="1.916">
    <system-out><![CDATA[*** Executed CheckSignInPageTitle test successfully...
Before navigating to: 'https://www.amazon.in/'
Navigated to:'https://www.amazon.in/'
Trying to find Element By : By.xpath: //span[@id='nav-link-accountList-nav-line-1']
Found Element By : By.xpath: //span[@id='nav-link-accountList-nav-line-1']
Trying to click on: [[ChromeDriver: chrome on WINDOWS (1985e0e360402be4e285ed1895ffc754)] -> xpath: //span[@id='nav-link-accountList-nav-line-1']]
Clicked on: [[ChromeDriver: chrome on WINDOWS (1985e0e360402be4e285ed1895ffc754)] -> xpath: //span[@id='nav-link-accountList-nav-line-1']]
*** Running test method Login...
Trying to find Element By : By.id: ap_email
Found Element By : By.id: ap_email
Trying to find Element By : By.id: continue
Found Element By : By.id: continue
Trying to click on: [[ChromeDriver: chrome on WINDOWS (1985e0e360402be4e285ed1895ffc754)] -> id: continue]
Clicked on: [[ChromeDriver: chrome on WINDOWS (1985e0e360402be4e285ed1895ffc754)] -> id: continue]
Trying to find Element By : By.id: ap_password
Found Element By : By.id: ap_password
Trying to find Element By : By.id: signInSubmit
Found Element By : By.id: signInSubmit
Trying to click on: [[ChromeDriver: chrome on WINDOWS (1985e0e360402be4e285ed1895ffc754)] -> id: signInSubmit]
Clicked on: [[ChromeDriver: chrome on WINDOWS (1985e0e360402be4e285ed1895ffc754)] -> id: signInSubmit]
]]></system-out>
    <system-err><![CDATA[Starting ChromeDriver 88.0.4324.96 (68dba2d8a0b149a1d3afac56fa74648032bcf46b-refs/branch-heads/4324@{#1784}) on port 48801
Only local connections are allowed.
Please see https://chromedriver.chromium.org/security-considerations for suggestions on keeping ChromeDriver safe.
ChromeDriver was started successfully.
[1615805913.479][WARNING]: This version of ChromeDriver has not been tested with Chrome version 89.
Mar 15, 2021 4:28:33 PM org.openqa.selenium.remote.ProtocolHandshake createSession
INFO: Detected dialect: W3C
]]></system-err>
  </testcase>
  <testcase name="CheckSearchPageTitle" classname="com.amazontest.SearchPageTest" time="11.385">
    <system-out><![CDATA[*** Executed Login test successfully...
Before navigating to: 'https://www.amazon.in/'
Navigated to:'https://www.amazon.in/'
Trying to find Element By : By.xpath: //span[@id='nav-link-accountList-nav-line-1']
Found Element By : By.xpath: //span[@id='nav-link-accountList-nav-line-1']
Trying to click on: [[ChromeDriver: chrome on WINDOWS (a9b6cdf9d3c7dade519410acc88a2c92)] -> xpath: //span[@id='nav-link-accountList-nav-line-1']]
Clicked on: [[ChromeDriver: chrome on WINDOWS (a9b6cdf9d3c7dade519410acc88a2c92)] -> xpath: //span[@id='nav-link-accountList-nav-line-1']]
Trying to find Element By : By.id: ap_email
Found Element By : By.id: ap_email
Trying to find Element By : By.id: continue
Found Element By : By.id: continue
Trying to click on: [[ChromeDriver: chrome on WINDOWS (a9b6cdf9d3c7dade519410acc88a2c92)] -> id: continue]
Clicked on: [[ChromeDriver: chrome on WINDOWS (a9b6cdf9d3c7dade519410acc88a2c92)] -> id: continue]
Trying to find Element By : By.id: ap_password
Found Element By : By.id: ap_password
Trying to find Element By : By.id: signInSubmit
Found Element By : By.id: signInSubmit
Trying to click on: [[ChromeDriver: chrome on WINDOWS (a9b6cdf9d3c7dade519410acc88a2c92)] -> id: signInSubmit]
Clicked on: [[ChromeDriver: chrome on WINDOWS (a9b6cdf9d3c7dade519410acc88a2c92)] -> id: signInSubmit]
*** Running test method CheckSearchPageTitle...
Actual Search Page Title: Amazon Sign In
]]></system-out>
    <system-err><![CDATA[Starting ChromeDriver 88.0.4324.96 (68dba2d8a0b149a1d3afac56fa74648032bcf46b-refs/branch-heads/4324@{#1784}) on port 37459
Only local connections are allowed.
Please see https://chromedriver.chromium.org/security-considerations for suggestions on keeping ChromeDriver safe.
ChromeDriver was started successfully.
[1615805942.206][WARNING]: This version of ChromeDriver has not been tested with Chrome version 89.
Mar 15, 2021 4:29:02 PM org.openqa.selenium.remote.ProtocolHandshake createSession
INFO: Detected dialect: W3C
]]></system-err>
  </testcase>
  <testcase name="SearchRequiredProduct" classname="com.amazontest.SearchPageTest" time="16.094">
    <system-out><![CDATA[*** Executed CheckSearchPageTitle test successfully...
Before navigating to: 'https://www.amazon.in/'
Navigated to:'https://www.amazon.in/'
Trying to find Element By : By.xpath: //span[@id='nav-link-accountList-nav-line-1']
Found Element By : By.xpath: //span[@id='nav-link-accountList-nav-line-1']
Trying to click on: [[ChromeDriver: chrome on WINDOWS (ed3db569d129e8f2215a0d09d52dcb67)] -> xpath: //span[@id='nav-link-accountList-nav-line-1']]
Clicked on: [[ChromeDriver: chrome on WINDOWS (ed3db569d129e8f2215a0d09d52dcb67)] -> xpath: //span[@id='nav-link-accountList-nav-line-1']]
Trying to find Element By : By.id: ap_email
Found Element By : By.id: ap_email
Trying to find Element By : By.id: continue
Found Element By : By.id: continue
Trying to click on: [[ChromeDriver: chrome on WINDOWS (ed3db569d129e8f2215a0d09d52dcb67)] -> id: continue]
Clicked on: [[ChromeDriver: chrome on WINDOWS (ed3db569d129e8f2215a0d09d52dcb67)] -> id: continue]
Trying to find Element By : By.id: ap_password
Found Element By : By.id: ap_password
Trying to find Element By : By.id: signInSubmit
Found Element By : By.id: signInSubmit
Trying to click on: [[ChromeDriver: chrome on WINDOWS (ed3db569d129e8f2215a0d09d52dcb67)] -> id: signInSubmit]
Clicked on: [[ChromeDriver: chrome on WINDOWS (ed3db569d129e8f2215a0d09d52dcb67)] -> id: signInSubmit]
*** Running test method SearchRequiredProduct...
Trying to find Element By : By.id: twotabsearchtextbox
Found Element By : By.id: twotabsearchtextbox
Trying to find Element By : By.id: nav-search-submit-button
Found Element By : By.id: nav-search-submit-button
Trying to click on: [[ChromeDriver: chrome on WINDOWS (ed3db569d129e8f2215a0d09d52dcb67)] -> id: nav-search-submit-button]
Clicked on: [[ChromeDriver: chrome on WINDOWS (ed3db569d129e8f2215a0d09d52dcb67)] -> id: nav-search-submit-button]
]]></system-out>
    <system-err><![CDATA[Starting ChromeDriver 88.0.4324.96 (68dba2d8a0b149a1d3afac56fa74648032bcf46b-refs/branch-heads/4324@{#1784}) on port 32627
Only local connections are allowed.
Please see https://chromedriver.chromium.org/security-considerations for suggestions on keeping ChromeDriver safe.
ChromeDriver was started successfully.
[1615805974.972][WARNING]: This version of ChromeDriver has not been tested with Chrome version 89.
Mar 15, 2021 4:29:34 PM org.openqa.selenium.remote.ProtocolHandshake createSession
INFO: Detected dialect: W3C
]]></system-err>
  </testcase>
  <testcase name="CheckSearchResultsPageTitle" classname="com.amazontest.SearchResultsPageTest" time="0.034">
    <system-out><![CDATA[*** Executed SearchRequiredProduct test successfully...
Before navigating to: 'https://www.amazon.in/'
Navigated to:'https://www.amazon.in/'
Trying to find Element By : By.xpath: //span[@id='nav-link-accountList-nav-line-1']
Found Element By : By.xpath: //span[@id='nav-link-accountList-nav-line-1']
Trying to click on: [[ChromeDriver: chrome on WINDOWS (454084e8127c776eb191a431d4c18729)] -> xpath: //span[@id='nav-link-accountList-nav-line-1']]
Clicked on: [[ChromeDriver: chrome on WINDOWS (454084e8127c776eb191a431d4c18729)] -> xpath: //span[@id='nav-link-accountList-nav-line-1']]
Trying to find Element By : By.id: ap_email
Found Element By : By.id: ap_email
Trying to find Element By : By.id: continue
Found Element By : By.id: continue
Trying to click on: [[ChromeDriver: chrome on WINDOWS (454084e8127c776eb191a431d4c18729)] -> id: continue]
Clicked on: [[ChromeDriver: chrome on WINDOWS (454084e8127c776eb191a431d4c18729)] -> id: continue]
Trying to find Element By : By.id: ap_password
Found Element By : By.id: ap_password
Trying to find Element By : By.id: signInSubmit
Found Element By : By.id: signInSubmit
Trying to click on: [[ChromeDriver: chrome on WINDOWS (454084e8127c776eb191a431d4c18729)] -> id: signInSubmit]
Clicked on: [[ChromeDriver: chrome on WINDOWS (454084e8127c776eb191a431d4c18729)] -> id: signInSubmit]
Trying to find Element By : By.id: twotabsearchtextbox
Found Element By : By.id: twotabsearchtextbox
Trying to find Element By : By.id: nav-search-submit-button
Found Element By : By.id: nav-search-submit-button
Trying to click on: [[ChromeDriver: chrome on WINDOWS (454084e8127c776eb191a431d4c18729)] -> id: nav-search-submit-button]
Clicked on: [[ChromeDriver: chrome on WINDOWS (454084e8127c776eb191a431d4c18729)] -> id: nav-search-submit-button]
*** Running test method CheckSearchResultsPageTitle...
Actual Search Results Page Title: Amazon.in : Samsung Galaxy M31 (Ocean Blue, 6GB RAM, 128GB Storage)
]]></system-out>
    <system-err><![CDATA[Starting ChromeDriver 88.0.4324.96 (68dba2d8a0b149a1d3afac56fa74648032bcf46b-refs/branch-heads/4324@{#1784}) on port 13475
Only local connections are allowed.
Please see https://chromedriver.chromium.org/security-considerations for suggestions on keeping ChromeDriver safe.
ChromeDriver was started successfully.
[1615806015.874][WARNING]: This version of ChromeDriver has not been tested with Chrome version 89.
Mar 15, 2021 4:30:15 PM org.openqa.selenium.remote.ProtocolHandshake createSession
INFO: Detected dialect: W3C
]]></system-err>
  </testcase>
  <testcase name="LaunchProduct" classname="com.amazontest.SearchResultsPageTest" time="0.186">
    <system-out><![CDATA[*** Executed CheckSearchResultsPageTitle test successfully...
Before navigating to: 'https://www.amazon.in/'
Navigated to:'https://www.amazon.in/'
Trying to find Element By : By.xpath: //span[@id='nav-link-accountList-nav-line-1']
Found Element By : By.xpath: //span[@id='nav-link-accountList-nav-line-1']
Trying to click on: [[ChromeDriver: chrome on WINDOWS (5719ecb1cb8d18856063076e0ae4b985)] -> xpath: //span[@id='nav-link-accountList-nav-line-1']]
Clicked on: [[ChromeDriver: chrome on WINDOWS (5719ecb1cb8d18856063076e0ae4b985)] -> xpath: //span[@id='nav-link-accountList-nav-line-1']]
Trying to find Element By : By.id: ap_email
Found Element By : By.id: ap_email
Trying to find Element By : By.id: continue
Found Element By : By.id: continue
Trying to click on: [[ChromeDriver: chrome on WINDOWS (5719ecb1cb8d18856063076e0ae4b985)] -> id: continue]
Clicked on: [[ChromeDriver: chrome on WINDOWS (5719ecb1cb8d18856063076e0ae4b985)] -> id: continue]
Trying to find Element By : By.id: ap_password
Found Element By : By.id: ap_password
Trying to find Element By : By.id: signInSubmit
Found Element By : By.id: signInSubmit
Trying to click on: [[ChromeDriver: chrome on WINDOWS (5719ecb1cb8d18856063076e0ae4b985)] -> id: signInSubmit]
Clicked on: [[ChromeDriver: chrome on WINDOWS (5719ecb1cb8d18856063076e0ae4b985)] -> id: signInSubmit]
Trying to find Element By : By.id: twotabsearchtextbox
Found Element By : By.id: twotabsearchtextbox
Trying to find Element By : By.id: nav-search-submit-button
Found Element By : By.id: nav-search-submit-button
Trying to click on: [[ChromeDriver: chrome on WINDOWS (5719ecb1cb8d18856063076e0ae4b985)] -> id: nav-search-submit-button]
Clicked on: [[ChromeDriver: chrome on WINDOWS (5719ecb1cb8d18856063076e0ae4b985)] -> id: nav-search-submit-button]
*** Running test method LaunchProduct...
Trying to find Element By : By.xpath: //span[@class='a-size-medium a-color-base a-text-normal' and contains(text(),'Samsung Galaxy M31 (Ocean Blue, 6GB RAM, 128GB Storage)')]
Found Element By : By.xpath: //span[@class='a-size-medium a-color-base a-text-normal' and contains(text(),'Samsung Galaxy M31 (Ocean Blue, 6GB RAM, 128GB Storage)')]
Trying to click on: [[ChromeDriver: chrome on WINDOWS (5719ecb1cb8d18856063076e0ae4b985)] -> xpath: //span[@class='a-size-medium a-color-base a-text-normal' and contains(text(),'Samsung Galaxy M31 (Ocean Blue, 6GB RAM, 128GB Storage)')]]
Clicked on: [[ChromeDriver: chrome on WINDOWS (5719ecb1cb8d18856063076e0ae4b985)] -> xpath: //span[@class='a-size-medium a-color-base a-text-normal' and contains(text(),'Samsung Galaxy M31 (Ocean Blue, 6GB RAM, 128GB Storage)')]]
]]></system-out>
    <system-err><![CDATA[Starting ChromeDriver 88.0.4324.96 (68dba2d8a0b149a1d3afac56fa74648032bcf46b-refs/branch-heads/4324@{#1784}) on port 10173
Only local connections are allowed.
Please see https://chromedriver.chromium.org/security-considerations for suggestions on keeping ChromeDriver safe.
ChromeDriver was started successfully.
[1615806051.729][WARNING]: This version of ChromeDriver has not been tested with Chrome version 89.
Mar 15, 2021 4:30:51 PM org.openqa.selenium.remote.ProtocolHandshake createSession
INFO: Detected dialect: W3C
]]></system-err>
  </testcase>
  <testcase name="CheckProductPageTitle" classname="com.amazontest.ProductPageTest" time="0.02">
    <system-out><![CDATA[*** Executed LaunchProduct test successfully...
Before navigating to: 'https://www.amazon.in/'
Navigated to:'https://www.amazon.in/'
Trying to find Element By : By.xpath: //span[@id='nav-link-accountList-nav-line-1']
Found Element By : By.xpath: //span[@id='nav-link-accountList-nav-line-1']
Trying to click on: [[ChromeDriver: chrome on WINDOWS (96836b50ee55560b295dd5c1e873cb9a)] -> xpath: //span[@id='nav-link-accountList-nav-line-1']]
Clicked on: [[ChromeDriver: chrome on WINDOWS (96836b50ee55560b295dd5c1e873cb9a)] -> xpath: //span[@id='nav-link-accountList-nav-line-1']]
Trying to find Element By : By.id: ap_email
Found Element By : By.id: ap_email
Trying to find Element By : By.id: continue
Found Element By : By.id: continue
Trying to click on: [[ChromeDriver: chrome on WINDOWS (96836b50ee55560b295dd5c1e873cb9a)] -> id: continue]
Clicked on: [[ChromeDriver: chrome on WINDOWS (96836b50ee55560b295dd5c1e873cb9a)] -> id: continue]
Trying to find Element By : By.id: ap_password
Found Element By : By.id: ap_password
Trying to find Element By : By.id: signInSubmit
Found Element By : By.id: signInSubmit
Trying to click on: [[ChromeDriver: chrome on WINDOWS (96836b50ee55560b295dd5c1e873cb9a)] -> id: signInSubmit]
Clicked on: [[ChromeDriver: chrome on WINDOWS (96836b50ee55560b295dd5c1e873cb9a)] -> id: signInSubmit]
Trying to find Element By : By.id: twotabsearchtextbox
Found Element By : By.id: twotabsearchtextbox
Trying to find Element By : By.id: nav-search-submit-button
Found Element By : By.id: nav-search-submit-button
Trying to click on: [[ChromeDriver: chrome on WINDOWS (96836b50ee55560b295dd5c1e873cb9a)] -> id: nav-search-submit-button]
Clicked on: [[ChromeDriver: chrome on WINDOWS (96836b50ee55560b295dd5c1e873cb9a)] -> id: nav-search-submit-button]
Trying to find Element By : By.xpath: //span[@class='a-size-medium a-color-base a-text-normal' and contains(text(),'Samsung Galaxy M31 (Ocean Blue, 6GB RAM, 128GB Storage)')]
Found Element By : By.xpath: //span[@class='a-size-medium a-color-base a-text-normal' and contains(text(),'Samsung Galaxy M31 (Ocean Blue, 6GB RAM, 128GB Storage)')]
Trying to click on: [[ChromeDriver: chrome on WINDOWS (96836b50ee55560b295dd5c1e873cb9a)] -> xpath: //span[@class='a-size-medium a-color-base a-text-normal' and contains(text(),'Samsung Galaxy M31 (Ocean Blue, 6GB RAM, 128GB Storage)')]]
Clicked on: [[ChromeDriver: chrome on WINDOWS (96836b50ee55560b295dd5c1e873cb9a)] -> xpath: //span[@class='a-size-medium a-color-base a-text-normal' and contains(text(),'Samsung Galaxy M31 (Ocean Blue, 6GB RAM, 128GB Storage)')]]
*** Running test method CheckProductPageTitle...
Actual Product Page Title: Amazon.in : Samsung Galaxy M31 (Ocean Blue, 6GB RAM, 128GB Storage)
]]></system-out>
    <system-err><![CDATA[Starting ChromeDriver 88.0.4324.96 (68dba2d8a0b149a1d3afac56fa74648032bcf46b-refs/branch-heads/4324@{#1784}) on port 35098
Only local connections are allowed.
Please see https://chromedriver.chromium.org/security-considerations for suggestions on keeping ChromeDriver safe.
ChromeDriver was started successfully.
[1615806118.830][WARNING]: This version of ChromeDriver has not been tested with Chrome version 89.
Mar 15, 2021 4:31:58 PM org.openqa.selenium.remote.ProtocolHandshake createSession
INFO: Detected dialect: W3C
]]></system-err>
  </testcase>
  <testcase name="PurchaseRequiredProduct" classname="com.amazontest.ProductPageTest" time="81.826">
    <system-out><![CDATA[*** Executed CheckProductPageTitle test successfully...
Before navigating to: 'https://www.amazon.in/'
Navigated to:'https://www.amazon.in/'
Trying to find Element By : By.xpath: //span[@id='nav-link-accountList-nav-line-1']
Found Element By : By.xpath: //span[@id='nav-link-accountList-nav-line-1']
Trying to click on: [[ChromeDriver: chrome on WINDOWS (df61e2c1332c5298686ef09921ec8638)] -> xpath: //span[@id='nav-link-accountList-nav-line-1']]
Clicked on: [[ChromeDriver: chrome on WINDOWS (df61e2c1332c5298686ef09921ec8638)] -> xpath: //span[@id='nav-link-accountList-nav-line-1']]
Trying to find Element By : By.id: ap_email
Found Element By : By.id: ap_email
Trying to find Element By : By.id: continue
Found Element By : By.id: continue
Trying to click on: [[ChromeDriver: chrome on WINDOWS (df61e2c1332c5298686ef09921ec8638)] -> id: continue]
Clicked on: [[ChromeDriver: chrome on WINDOWS (df61e2c1332c5298686ef09921ec8638)] -> id: continue]
Trying to find Element By : By.id: ap_password
Found Element By : By.id: ap_password
Trying to find Element By : By.id: signInSubmit
Found Element By : By.id: signInSubmit
Trying to click on: [[ChromeDriver: chrome on WINDOWS (df61e2c1332c5298686ef09921ec8638)] -> id: signInSubmit]
Clicked on: [[ChromeDriver: chrome on WINDOWS (df61e2c1332c5298686ef09921ec8638)] -> id: signInSubmit]
Trying to find Element By : By.id: twotabsearchtextbox
Found Element By : By.id: twotabsearchtextbox
Trying to find Element By : By.id: nav-search-submit-button
Found Element By : By.id: nav-search-submit-button
Trying to click on: [[ChromeDriver: chrome on WINDOWS (df61e2c1332c5298686ef09921ec8638)] -> id: nav-search-submit-button]
Clicked on: [[ChromeDriver: chrome on WINDOWS (df61e2c1332c5298686ef09921ec8638)] -> id: nav-search-submit-button]
Trying to find Element By : By.xpath: //span[@class='a-size-medium a-color-base a-text-normal' and contains(text(),'Samsung Galaxy M31 (Ocean Blue, 6GB RAM, 128GB Storage)')]
Found Element By : By.xpath: //span[@class='a-size-medium a-color-base a-text-normal' and contains(text(),'Samsung Galaxy M31 (Ocean Blue, 6GB RAM, 128GB Storage)')]
Trying to click on: [[ChromeDriver: chrome on WINDOWS (df61e2c1332c5298686ef09921ec8638)] -> xpath: //span[@class='a-size-medium a-color-base a-text-normal' and contains(text(),'Samsung Galaxy M31 (Ocean Blue, 6GB RAM, 128GB Storage)')]]
Clicked on: [[ChromeDriver: chrome on WINDOWS (df61e2c1332c5298686ef09921ec8638)] -> xpath: //span[@class='a-size-medium a-color-base a-text-normal' and contains(text(),'Samsung Galaxy M31 (Ocean Blue, 6GB RAM, 128GB Storage)')]]
*** Running test method PurchaseRequiredProduct...
parent window name: CDwindow-650B104F0F174A8C0AB257250D02AC04
Searched Product is sucessfully launched in new tab
Samsung Galaxy M31 (Ocean Blue, 6GB RAM, 128GB Storage): Amazon.in: Electronics
Trying to find Element By : By.xpath: //input[@id='buy-now-button']
Found Element By : By.xpath: //input[@id='buy-now-button']
Trying to click on: [[ChromeDriver: chrome on WINDOWS (df61e2c1332c5298686ef09921ec8638)] -> xpath: //input[@id='buy-now-button']]
Clicked on: [[ChromeDriver: chrome on WINDOWS (df61e2c1332c5298686ef09921ec8638)] -> xpath: //input[@id='buy-now-button']]
]]></system-out>
    <system-err><![CDATA[Starting ChromeDriver 88.0.4324.96 (68dba2d8a0b149a1d3afac56fa74648032bcf46b-refs/branch-heads/4324@{#1784}) on port 35210
Only local connections are allowed.
Please see https://chromedriver.chromium.org/security-considerations for suggestions on keeping ChromeDriver safe.
ChromeDriver was started successfully.
[1615806167.801][WARNING]: This version of ChromeDriver has not been tested with Chrome version 89.
Mar 15, 2021 4:32:47 PM org.openqa.selenium.remote.ProtocolHandshake createSession
INFO: Detected dialect: W3C
]]></system-err>
  </testcase>
  <testcase name="CheckAddressPageTitle" classname="com.amazontest.AddressPageTest" time="0.003">
    <system-out><![CDATA[*** Executed PurchaseRequiredProduct test successfully...
Before navigating to: 'https://www.amazon.in/'
Navigated to:'https://www.amazon.in/'
Trying to find Element By : By.xpath: //span[@id='nav-link-accountList-nav-line-1']
Found Element By : By.xpath: //span[@id='nav-link-accountList-nav-line-1']
Trying to click on: [[ChromeDriver: chrome on WINDOWS (b90d1ace9546cefe2e769495ef4372b2)] -> xpath: //span[@id='nav-link-accountList-nav-line-1']]
Clicked on: [[ChromeDriver: chrome on WINDOWS (b90d1ace9546cefe2e769495ef4372b2)] -> xpath: //span[@id='nav-link-accountList-nav-line-1']]
Trying to find Element By : By.id: ap_email
Found Element By : By.id: ap_email
Trying to find Element By : By.id: continue
Found Element By : By.id: continue
Trying to click on: [[ChromeDriver: chrome on WINDOWS (b90d1ace9546cefe2e769495ef4372b2)] -> id: continue]
Clicked on: [[ChromeDriver: chrome on WINDOWS (b90d1ace9546cefe2e769495ef4372b2)] -> id: continue]
Trying to find Element By : By.id: ap_password
Found Element By : By.id: ap_password
Trying to find Element By : By.id: signInSubmit
Found Element By : By.id: signInSubmit
Trying to click on: [[ChromeDriver: chrome on WINDOWS (b90d1ace9546cefe2e769495ef4372b2)] -> id: signInSubmit]
Clicked on: [[ChromeDriver: chrome on WINDOWS (b90d1ace9546cefe2e769495ef4372b2)] -> id: signInSubmit]
Trying to find Element By : By.id: twotabsearchtextbox
Found Element By : By.id: twotabsearchtextbox
Trying to find Element By : By.id: nav-search-submit-button
Found Element By : By.id: nav-search-submit-button
Trying to click on: [[ChromeDriver: chrome on WINDOWS (b90d1ace9546cefe2e769495ef4372b2)] -> id: nav-search-submit-button]
Clicked on: [[ChromeDriver: chrome on WINDOWS (b90d1ace9546cefe2e769495ef4372b2)] -> id: nav-search-submit-button]
Trying to find Element By : By.xpath: //span[@class='a-size-medium a-color-base a-text-normal' and contains(text(),'Samsung Galaxy M31 (Ocean Blue, 6GB RAM, 128GB Storage)')]
Found Element By : By.xpath: //span[@class='a-size-medium a-color-base a-text-normal' and contains(text(),'Samsung Galaxy M31 (Ocean Blue, 6GB RAM, 128GB Storage)')]
Trying to click on: [[ChromeDriver: chrome on WINDOWS (b90d1ace9546cefe2e769495ef4372b2)] -> xpath: //span[@class='a-size-medium a-color-base a-text-normal' and contains(text(),'Samsung Galaxy M31 (Ocean Blue, 6GB RAM, 128GB Storage)')]]
Clicked on: [[ChromeDriver: chrome on WINDOWS (b90d1ace9546cefe2e769495ef4372b2)] -> xpath: //span[@class='a-size-medium a-color-base a-text-normal' and contains(text(),'Samsung Galaxy M31 (Ocean Blue, 6GB RAM, 128GB Storage)')]]
parent window name: CDwindow-E445A4397948D6A9152E5CA4D3C975C6
Searched Product is sucessfully launched in new tab
Samsung Galaxy M31 (Ocean Blue, 6GB RAM, 128GB Storage): Amazon.in: Electronics
Trying to find Element By : By.xpath: //input[@id='buy-now-button']
Found Element By : By.xpath: //input[@id='buy-now-button']
Trying to click on: [[ChromeDriver: chrome on WINDOWS (b90d1ace9546cefe2e769495ef4372b2)] -> xpath: //input[@id='buy-now-button']]
Clicked on: [[ChromeDriver: chrome on WINDOWS (b90d1ace9546cefe2e769495ef4372b2)] -> xpath: //input[@id='buy-now-button']]
*** Running test method CheckAddressPageTitle...
Actual Address Page Title: Select a delivery address
]]></system-out>
    <system-err><![CDATA[Starting ChromeDriver 88.0.4324.96 (68dba2d8a0b149a1d3afac56fa74648032bcf46b-refs/branch-heads/4324@{#1784}) on port 5515
Only local connections are allowed.
Please see https://chromedriver.chromium.org/security-considerations for suggestions on keeping ChromeDriver safe.
ChromeDriver was started successfully.
[1615806297.953][WARNING]: This version of ChromeDriver has not been tested with Chrome version 89.
Mar 15, 2021 4:34:57 PM org.openqa.selenium.remote.ProtocolHandshake createSession
INFO: Detected dialect: W3C
]]></system-err>
  </testcase>
  <testcase name="ChooseDeliveryAddress" classname="com.amazontest.AddressPageTest" time="4.893">
    <system-out><![CDATA[*** Executed CheckAddressPageTitle test successfully...
Before navigating to: 'https://www.amazon.in/'
Navigated to:'https://www.amazon.in/'
Trying to find Element By : By.xpath: //span[@id='nav-link-accountList-nav-line-1']
Found Element By : By.xpath: //span[@id='nav-link-accountList-nav-line-1']
Trying to click on: [[ChromeDriver: chrome on WINDOWS (7e6d72472aafb5026d81573842a0a223)] -> xpath: //span[@id='nav-link-accountList-nav-line-1']]
Clicked on: [[ChromeDriver: chrome on WINDOWS (7e6d72472aafb5026d81573842a0a223)] -> xpath: //span[@id='nav-link-accountList-nav-line-1']]
Trying to find Element By : By.id: ap_email
Found Element By : By.id: ap_email
Trying to find Element By : By.id: continue
Found Element By : By.id: continue
Trying to click on: [[ChromeDriver: chrome on WINDOWS (7e6d72472aafb5026d81573842a0a223)] -> id: continue]
Clicked on: [[ChromeDriver: chrome on WINDOWS (7e6d72472aafb5026d81573842a0a223)] -> id: continue]
Trying to find Element By : By.id: ap_password
Found Element By : By.id: ap_password
Trying to find Element By : By.id: signInSubmit
Found Element By : By.id: signInSubmit
Trying to click on: [[ChromeDriver: chrome on WINDOWS (7e6d72472aafb5026d81573842a0a223)] -> id: signInSubmit]
Clicked on: [[ChromeDriver: chrome on WINDOWS (7e6d72472aafb5026d81573842a0a223)] -> id: signInSubmit]
Trying to find Element By : By.id: twotabsearchtextbox
Found Element By : By.id: twotabsearchtextbox
Trying to find Element By : By.id: nav-search-submit-button
Found Element By : By.id: nav-search-submit-button
Trying to click on: [[ChromeDriver: chrome on WINDOWS (7e6d72472aafb5026d81573842a0a223)] -> id: nav-search-submit-button]
Clicked on: [[ChromeDriver: chrome on WINDOWS (7e6d72472aafb5026d81573842a0a223)] -> id: nav-search-submit-button]
Trying to find Element By : By.xpath: //span[@class='a-size-medium a-color-base a-text-normal' and contains(text(),'Samsung Galaxy M31 (Ocean Blue, 6GB RAM, 128GB Storage)')]
Found Element By : By.xpath: //span[@class='a-size-medium a-color-base a-text-normal' and contains(text(),'Samsung Galaxy M31 (Ocean Blue, 6GB RAM, 128GB Storage)')]
Trying to click on: [[ChromeDriver: chrome on WINDOWS (7e6d72472aafb5026d81573842a0a223)] -> xpath: //span[@class='a-size-medium a-color-base a-text-normal' and contains(text(),'Samsung Galaxy M31 (Ocean Blue, 6GB RAM, 128GB Storage)')]]
Clicked on: [[ChromeDriver: chrome on WINDOWS (7e6d72472aafb5026d81573842a0a223)] -> xpath: //span[@class='a-size-medium a-color-base a-text-normal' and contains(text(),'Samsung Galaxy M31 (Ocean Blue, 6GB RAM, 128GB Storage)')]]
parent window name: CDwindow-5457D122341CDC9EA4ED0A1D98ED0A0D
Searched Product is sucessfully launched in new tab
Samsung Galaxy M31 (Ocean Blue, 6GB RAM, 128GB Storage): Amazon.in: Electronics
Trying to find Element By : By.xpath: //input[@id='buy-now-button']
Found Element By : By.xpath: //input[@id='buy-now-button']
Trying to click on: [[ChromeDriver: chrome on WINDOWS (7e6d72472aafb5026d81573842a0a223)] -> xpath: //input[@id='buy-now-button']]
Clicked on: [[ChromeDriver: chrome on WINDOWS (7e6d72472aafb5026d81573842a0a223)] -> xpath: //input[@id='buy-now-button']]
*** Running test method ChooseDeliveryAddress...
Trying to find Element By : By.xpath: (//a[@class='a-declarative a-button-text '])[1]
Found Element By : By.xpath: (//a[@class='a-declarative a-button-text '])[1]
Trying to click on: [[ChromeDriver: chrome on WINDOWS (7e6d72472aafb5026d81573842a0a223)] -> xpath: (//a[@class='a-declarative a-button-text '])[1]]
Clicked on: [[ChromeDriver: chrome on WINDOWS (7e6d72472aafb5026d81573842a0a223)] -> xpath: (//a[@class='a-declarative a-button-text '])[1]]
]]></system-out>
    <system-err><![CDATA[Starting ChromeDriver 88.0.4324.96 (68dba2d8a0b149a1d3afac56fa74648032bcf46b-refs/branch-heads/4324@{#1784}) on port 19190
Only local connections are allowed.
Please see https://chromedriver.chromium.org/security-considerations for suggestions on keeping ChromeDriver safe.
ChromeDriver was started successfully.
[1615806364.581][WARNING]: This version of ChromeDriver has not been tested with Chrome version 89.
Mar 15, 2021 4:36:04 PM org.openqa.selenium.remote.ProtocolHandshake createSession
INFO: Detected dialect: W3C
]]></system-err>
  </testcase>
  <testcase name="CheckPaymentPageTitle" classname="com.amazontest.PaymentPageTest" time="0.002">
    <system-out><![CDATA[*** Executed ChooseDeliveryAddress test successfully...
Before navigating to: 'https://www.amazon.in/'
Navigated to:'https://www.amazon.in/'
Trying to find Element By : By.xpath: //span[@id='nav-link-accountList-nav-line-1']
Found Element By : By.xpath: //span[@id='nav-link-accountList-nav-line-1']
Trying to click on: [[ChromeDriver: chrome on WINDOWS (2f4735a4f948e3bf3b274274f5128a03)] -> xpath: //span[@id='nav-link-accountList-nav-line-1']]
Clicked on: [[ChromeDriver: chrome on WINDOWS (2f4735a4f948e3bf3b274274f5128a03)] -> xpath: //span[@id='nav-link-accountList-nav-line-1']]
Trying to find Element By : By.id: ap_email
Found Element By : By.id: ap_email
Trying to find Element By : By.id: continue
Found Element By : By.id: continue
Trying to click on: [[ChromeDriver: chrome on WINDOWS (2f4735a4f948e3bf3b274274f5128a03)] -> id: continue]
Clicked on: [[ChromeDriver: chrome on WINDOWS (2f4735a4f948e3bf3b274274f5128a03)] -> id: continue]
Trying to find Element By : By.id: ap_password
Found Element By : By.id: ap_password
Trying to find Element By : By.id: signInSubmit
Found Element By : By.id: signInSubmit
Trying to click on: [[ChromeDriver: chrome on WINDOWS (2f4735a4f948e3bf3b274274f5128a03)] -> id: signInSubmit]
Clicked on: [[ChromeDriver: chrome on WINDOWS (2f4735a4f948e3bf3b274274f5128a03)] -> id: signInSubmit]
Trying to find Element By : By.id: twotabsearchtextbox
Found Element By : By.id: twotabsearchtextbox
Trying to find Element By : By.id: nav-search-submit-button
Found Element By : By.id: nav-search-submit-button
Trying to click on: [[ChromeDriver: chrome on WINDOWS (2f4735a4f948e3bf3b274274f5128a03)] -> id: nav-search-submit-button]
Clicked on: [[ChromeDriver: chrome on WINDOWS (2f4735a4f948e3bf3b274274f5128a03)] -> id: nav-search-submit-button]
Trying to find Element By : By.xpath: //span[@class='a-size-medium a-color-base a-text-normal' and contains(text(),'Samsung Galaxy M31 (Ocean Blue, 6GB RAM, 128GB Storage)')]
Found Element By : By.xpath: //span[@class='a-size-medium a-color-base a-text-normal' and contains(text(),'Samsung Galaxy M31 (Ocean Blue, 6GB RAM, 128GB Storage)')]
Trying to click on: [[ChromeDriver: chrome on WINDOWS (2f4735a4f948e3bf3b274274f5128a03)] -> xpath: //span[@class='a-size-medium a-color-base a-text-normal' and contains(text(),'Samsung Galaxy M31 (Ocean Blue, 6GB RAM, 128GB Storage)')]]
Clicked on: [[ChromeDriver: chrome on WINDOWS (2f4735a4f948e3bf3b274274f5128a03)] -> xpath: //span[@class='a-size-medium a-color-base a-text-normal' and contains(text(),'Samsung Galaxy M31 (Ocean Blue, 6GB RAM, 128GB Storage)')]]
parent window name: CDwindow-210FFE123A8EC6CFFE0A8129ECCD59D6
Searched Product is sucessfully launched in new tab
Samsung Galaxy M31 (Ocean Blue, 6GB RAM, 128GB Storage): Amazon.in: Electronics
Trying to find Element By : By.xpath: //input[@id='buy-now-button']
Found Element By : By.xpath: //input[@id='buy-now-button']
Trying to click on: [[ChromeDriver: chrome on WINDOWS (2f4735a4f948e3bf3b274274f5128a03)] -> xpath: //input[@id='buy-now-button']]
Clicked on: [[ChromeDriver: chrome on WINDOWS (2f4735a4f948e3bf3b274274f5128a03)] -> xpath: //input[@id='buy-now-button']]
Trying to find Element By : By.xpath: (//a[@class='a-declarative a-button-text '])[1]
Found Element By : By.xpath: (//a[@class='a-declarative a-button-text '])[1]
Trying to click on: [[ChromeDriver: chrome on WINDOWS (2f4735a4f948e3bf3b274274f5128a03)] -> xpath: (//a[@class='a-declarative a-button-text '])[1]]
Clicked on: [[ChromeDriver: chrome on WINDOWS (2f4735a4f948e3bf3b274274f5128a03)] -> xpath: (//a[@class='a-declarative a-button-text '])[1]]
*** Running test method CheckPaymentPageTitle...
Actual Address Page Title: Select a Payment Method - Amazon.in Checkout
]]></system-out>
    <system-err><![CDATA[Starting ChromeDriver 88.0.4324.96 (68dba2d8a0b149a1d3afac56fa74648032bcf46b-refs/branch-heads/4324@{#1784}) on port 2369
Only local connections are allowed.
Please see https://chromedriver.chromium.org/security-considerations for suggestions on keeping ChromeDriver safe.
ChromeDriver was started successfully.
[1615806426.067][WARNING]: This version of ChromeDriver has not been tested with Chrome version 89.
Mar 15, 2021 4:37:06 PM org.openqa.selenium.remote.ProtocolHandshake createSession
INFO: Detected dialect: W3C
]]></system-err>
  </testcase>
  <testcase name="EnterPaymentDetails" classname="com.amazontest.PaymentPageTest" time="0.387">
    <system-out><![CDATA[*** Executed CheckPaymentPageTitle test successfully...
Before navigating to: 'https://www.amazon.in/'
Navigated to:'https://www.amazon.in/'
Trying to find Element By : By.xpath: //span[@id='nav-link-accountList-nav-line-1']
Found Element By : By.xpath: //span[@id='nav-link-accountList-nav-line-1']
Trying to click on: [[ChromeDriver: chrome on WINDOWS (46529706ec999579fd5b3bb069af3c95)] -> xpath: //span[@id='nav-link-accountList-nav-line-1']]
Clicked on: [[ChromeDriver: chrome on WINDOWS (46529706ec999579fd5b3bb069af3c95)] -> xpath: //span[@id='nav-link-accountList-nav-line-1']]
Trying to find Element By : By.id: ap_email
Found Element By : By.id: ap_email
Trying to find Element By : By.id: continue
Found Element By : By.id: continue
Trying to click on: [[ChromeDriver: chrome on WINDOWS (46529706ec999579fd5b3bb069af3c95)] -> id: continue]
Clicked on: [[ChromeDriver: chrome on WINDOWS (46529706ec999579fd5b3bb069af3c95)] -> id: continue]
Trying to find Element By : By.id: ap_password
Found Element By : By.id: ap_password
Trying to find Element By : By.id: signInSubmit
Found Element By : By.id: signInSubmit
Trying to click on: [[ChromeDriver: chrome on WINDOWS (46529706ec999579fd5b3bb069af3c95)] -> id: signInSubmit]
Clicked on: [[ChromeDriver: chrome on WINDOWS (46529706ec999579fd5b3bb069af3c95)] -> id: signInSubmit]
Trying to find Element By : By.id: twotabsearchtextbox
Found Element By : By.id: twotabsearchtextbox
Trying to find Element By : By.id: nav-search-submit-button
Found Element By : By.id: nav-search-submit-button
Trying to click on: [[ChromeDriver: chrome on WINDOWS (46529706ec999579fd5b3bb069af3c95)] -> id: nav-search-submit-button]
Clicked on: [[ChromeDriver: chrome on WINDOWS (46529706ec999579fd5b3bb069af3c95)] -> id: nav-search-submit-button]
Trying to find Element By : By.xpath: //span[@class='a-size-medium a-color-base a-text-normal' and contains(text(),'Samsung Galaxy M31 (Ocean Blue, 6GB RAM, 128GB Storage)')]
Found Element By : By.xpath: //span[@class='a-size-medium a-color-base a-text-normal' and contains(text(),'Samsung Galaxy M31 (Ocean Blue, 6GB RAM, 128GB Storage)')]
Trying to click on: [[ChromeDriver: chrome on WINDOWS (46529706ec999579fd5b3bb069af3c95)] -> xpath: //span[@class='a-size-medium a-color-base a-text-normal' and contains(text(),'Samsung Galaxy M31 (Ocean Blue, 6GB RAM, 128GB Storage)')]]
Clicked on: [[ChromeDriver: chrome on WINDOWS (46529706ec999579fd5b3bb069af3c95)] -> xpath: //span[@class='a-size-medium a-color-base a-text-normal' and contains(text(),'Samsung Galaxy M31 (Ocean Blue, 6GB RAM, 128GB Storage)')]]
parent window name: CDwindow-498D56899DC1459ED7D4CDD6F1F511FE
Searched Product is sucessfully launched in new tab
Samsung Galaxy M31 (Ocean Blue, 6GB RAM, 128GB Storage): Amazon.in: Electronics
Trying to find Element By : By.xpath: //input[@id='buy-now-button']
Found Element By : By.xpath: //input[@id='buy-now-button']
Trying to click on: [[ChromeDriver: chrome on WINDOWS (46529706ec999579fd5b3bb069af3c95)] -> xpath: //input[@id='buy-now-button']]
Clicked on: [[ChromeDriver: chrome on WINDOWS (46529706ec999579fd5b3bb069af3c95)] -> xpath: //input[@id='buy-now-button']]
Trying to find Element By : By.xpath: (//a[@class='a-declarative a-button-text '])[1]
Found Element By : By.xpath: (//a[@class='a-declarative a-button-text '])[1]
Trying to click on: [[ChromeDriver: chrome on WINDOWS (46529706ec999579fd5b3bb069af3c95)] -> xpath: (//a[@class='a-declarative a-button-text '])[1]]
Clicked on: [[ChromeDriver: chrome on WINDOWS (46529706ec999579fd5b3bb069af3c95)] -> xpath: (//a[@class='a-declarative a-button-text '])[1]]
*** Running test method EnterPaymentDetails...
Account Holder Name: Sindhu Kashyap
Account Number: 9876432728761250
Trying to find Element By : By.xpath: //input[@value='SelectableAddCreditCard']
Found Element By : By.xpath: //input[@value='SelectableAddCreditCard']
Trying to click on: [[ChromeDriver: chrome on WINDOWS (46529706ec999579fd5b3bb069af3c95)] -> xpath: //input[@value='SelectableAddCreditCard']]
Clicked on: [[ChromeDriver: chrome on WINDOWS (46529706ec999579fd5b3bb069af3c95)] -> xpath: //input[@value='SelectableAddCreditCard']]
Trying to find Element By : By.xpath: //input[@name='ppw-accountHolderName']
Found Element By : By.xpath: //input[@name='ppw-accountHolderName']
Trying to find Element By : By.xpath: //input[@name='ppw-accountHolderName']
Found Element By : By.xpath: //input[@name='ppw-accountHolderName']
Trying to find Element By : By.xpath: //input[@name='addCreditCardNumber']
Found Element By : By.xpath: //input[@name='addCreditCardNumber']
Trying to find Element By : By.name: ppw-widgetEvent:AddCreditCardEvent
Found Element By : By.name: ppw-widgetEvent:AddCreditCardEvent
Trying to click on: [[ChromeDriver: chrome on WINDOWS (46529706ec999579fd5b3bb069af3c95)] -> name: ppw-widgetEvent:AddCreditCardEvent]
Clicked on: [[ChromeDriver: chrome on WINDOWS (46529706ec999579fd5b3bb069af3c95)] -> name: ppw-widgetEvent:AddCreditCardEvent]
Trying to find Element By : By.xpath: //span[text()='Card number is not correct.']
Found Element By : By.xpath: //span[text()='Card number is not correct.']
Message displayed when incorrect card details are provided: Card number is not correct.
]]></system-out>
    <system-err><![CDATA[Starting ChromeDriver 88.0.4324.96 (68dba2d8a0b149a1d3afac56fa74648032bcf46b-refs/branch-heads/4324@{#1784}) on port 4644
Only local connections are allowed.
Please see https://chromedriver.chromium.org/security-considerations for suggestions on keeping ChromeDriver safe.
ChromeDriver was started successfully.
[1615806488.867][WARNING]: This version of ChromeDriver has not been tested with Chrome version 89.
Mar 15, 2021 4:38:08 PM org.openqa.selenium.remote.ProtocolHandshake createSession
INFO: Detected dialect: W3C
]]></system-err>
  </testcase>
</testsuite>