<?xml version="1.0" encoding="UTF-8"?>
<!-- Generated by org.testng.reporters.JUnitReportReporter -->
<testsuite skipped="0" hostname="LAPTOP-VRS9433I" name="com.amazontest.AddressPageTest" tests="2" failures="0" timestamp="09 Mar 2021 13:04:46 GMT" time="331.291" errors="0">
  <testcase name="ChooseDeliveryAddress" time="173.626" classname="com.amazontest.AddressPageTest"/>
  <testcase name="CheckAddressPageTitle" time="157.665" classname="com.amazontest.AddressPageTest"/>
</testsuite> <!-- com.amazontest.AddressPageTest -->
