<?xml version="1.0" encoding="UTF-8"?>
<!-- Generated by org.testng.reporters.JUnitReportReporter -->
<testsuite skipped="0" hostname="LAPTOP-VRS9433I" name="com.amazontest.SearchResultsPageTest" tests="2" failures="0" timestamp="09 Mar 2021 13:04:46 GMT" time="148.696" errors="0">
  <testcase name="LaunchProduct" time="46.078" classname="com.amazontest.SearchResultsPageTest"/>
  <testcase name="CheckSearchResultsPageTitle" time="102.618" classname="com.amazontest.SearchResultsPageTest"/>
</testsuite> <!-- com.amazontest.SearchResultsPageTest -->
