<?xml version="1.0" encoding="UTF-8"?>
<!-- Generated by org.testng.reporters.JUnitReportReporter -->
<testsuite hostname="LAPTOP-VRS9433I" name="com.amazontest.AmazonPageTest" tests="1" failures="0" timestamp="5 Mar 2021 05:55:22 GMT" time="33.184" errors="0">
  <testcase name="validateTitle" time="33.184" classname="com.amazontest.AmazonPageTest"/>
</testsuite> <!-- com.amazontest.AmazonPageTest -->
