<?xml version="1.0" encoding="UTF-8"?>
<!-- Generated by org.testng.reporters.JUnitReportReporter -->
<testsuite skipped="0" hostname="LAPTOP-VRS9433I" name="com.amazontest.PaymentPageTest" tests="2" failures="0" timestamp="09 Mar 2021 13:04:46 GMT" time="103.240" errors="0">
  <testcase name="CheckPaymentPageTitle" time="47.087" classname="com.amazontest.PaymentPageTest"/>
  <testcase name="EnterPaymentDetails" time="56.153" classname="com.amazontest.PaymentPageTest"/>
</testsuite> <!-- com.amazontest.PaymentPageTest -->
