<?xml version="1.0" encoding="UTF-8"?>
<!-- Generated by org.testng.reporters.JUnitReportReporter -->
<testsuite skipped="0" hostname="LAPTOP-VRS9433I" name="com.amazontest.SignInPageTest" tests="2" failures="0" timestamp="09 Mar 2021 13:04:46 GMT" time="46.249" errors="0">
  <testcase name="CheckSignInPageTitle" time="16.507" classname="com.amazontest.SignInPageTest"/>
  <testcase name="Login" time="29.742" classname="com.amazontest.SignInPageTest"/>
</testsuite> <!-- com.amazontest.SignInPageTest -->
