<?xml version="1.0" encoding="UTF-8"?>
<!-- Generated by org.testng.reporters.JUnitReportReporter -->
<testsuite skipped="0" hostname="LAPTOP-VRS9433I" name="com.amazontest.SearchPageTest" tests="2" failures="0" timestamp="09 Mar 2021 13:04:46 GMT" time="66.031" errors="0">
  <testcase name="CheckSearchPageTitle" time="31.726" classname="com.amazontest.SearchPageTest"/>
  <testcase name="SearchRequiredProduct" time="34.305" classname="com.amazontest.SearchPageTest"/>
</testsuite> <!-- com.amazontest.SearchPageTest -->
