<?xml version="1.0" encoding="UTF-8"?>
<!-- Generated by org.testng.reporters.JUnitReportReporter -->
<testsuite skipped="0" hostname="LAPTOP-VRS9433I" name="com.amazontest.HomePageTest" tests="2" failures="0" timestamp="09 Mar 2021 13:04:46 GMT" time="51.414" errors="0">
  <testcase name="CheckHomePageTitleTest" time="21.387" classname="com.amazontest.HomePageTest"/>
  <testcase name="ClicktoSignIn" time="30.027" classname="com.amazontest.HomePageTest"/>
</testsuite> <!-- com.amazontest.HomePageTest -->
