<?xml version="1.0" encoding="UTF-8"?>
<!-- Generated by org.testng.reporters.JUnitReportReporter -->
<testsuite skipped="0" hostname="LAPTOP-VRS9433I" name="com.amazontest.ProductPageTest" tests="2" failures="0" timestamp="09 Mar 2021 13:04:46 GMT" time="200.947" errors="0">
  <testcase name="CheckProductPageTitle" time="48.490" classname="com.amazontest.ProductPageTest"/>
  <testcase name="PurchaseRequiredProduct" time="152.457" classname="com.amazontest.ProductPageTest"/>
</testsuite> <!-- com.amazontest.ProductPageTest -->
