<?xml version="1.0" encoding="UTF-8"?>
<!-- Generated by org.testng.reporters.JUnitReportReporter -->
<testsuite hostname="LAPTOP-VRS9433I" failures="0" tests="2" name="com.amazontest.ProductPageTest" time="178.396" errors="0" timestamp="15 Mar 2021 11:09:33 GMT">
  <testcase classname="com.amazontest.ProductPageTest" name="CheckProductPageTitle" time="47.948"/>
  <testcase classname="com.amazontest.ProductPageTest" name="PurchaseRequiredProduct" time="130.448"/>
</testsuite> <!-- com.amazontest.ProductPageTest -->
