<?xml version="1.0" encoding="UTF-8"?>
<!-- Generated by org.testng.reporters.JUnitReportReporter -->
<testsuite hostname="LAPTOP-VRS9433I" failures="0" tests="2" name="com.amazontest.SearchPageTest" time="72.683" errors="0" timestamp="15 Mar 2021 11:09:33 GMT">
  <testcase classname="com.amazontest.SearchPageTest" name="CheckSearchPageTitle" time="32.155"/>
  <testcase classname="com.amazontest.SearchPageTest" name="SearchRequiredProduct" time="40.528"/>
</testsuite> <!-- com.amazontest.SearchPageTest -->
