<?xml version="1.0" encoding="UTF-8"?>
<!-- Generated by org.testng.reporters.JUnitReportReporter -->
<testsuite hostname="LAPTOP-VRS9433I" failures="0" tests="2" name="com.amazontest.SignInPageTest" time="33.889" errors="0" timestamp="15 Mar 2021 11:09:33 GMT">
  <testcase classname="com.amazontest.SignInPageTest" name="CheckSignInPageTitle" time="17.471"/>
  <testcase classname="com.amazontest.SignInPageTest" name="Login" time="16.418"/>
</testsuite> <!-- com.amazontest.SignInPageTest -->
