<?xml version="1.0" encoding="UTF-8"?>
<!-- Generated by org.testng.reporters.JUnitReportReporter -->
<testsuite hostname="LAPTOP-VRS9433I" failures="0" tests="2" name="com.amazontest.ProductPageTest" time="186.668" errors="0" timestamp="16 Mar 2021 07:08:07 GMT">
  <testcase classname="com.amazontest.ProductPageTest" name="CheckProductPageTitle" time="46.441"/>
  <testcase classname="com.amazontest.ProductPageTest" name="PurchaseRequiredProduct" time="140.227"/>
</testsuite> <!-- com.amazontest.ProductPageTest -->
