<?xml version="1.0" encoding="UTF-8"?>
<!-- Generated by org.testng.reporters.JUnitReportReporter -->
<testsuite hostname="LAPTOP-VRS9433I" failures="0" tests="2" name="com.amazontest.HomePageTest" time="45.458" errors="0" timestamp="16 Mar 2021 07:08:07 GMT">
  <testcase classname="com.amazontest.HomePageTest" name="ClicktoSignIn" time="25.266"/>
  <testcase classname="com.amazontest.HomePageTest" name="CheckHomePageTitleTest" time="20.192"/>
</testsuite> <!-- com.amazontest.HomePageTest -->
