<?xml version="1.0" encoding="UTF-8"?>
<!-- Generated by org.testng.reporters.JUnitReportReporter -->
<testsuite hostname="LAPTOP-VRS9433I" failures="0" tests="2" name="com.amazontest.SearchResultsPageTest" time="104.208" errors="0" timestamp="16 Mar 2021 07:08:07 GMT">
  <testcase classname="com.amazontest.SearchResultsPageTest" name="CheckSearchResultsPageTitle" time="56.628"/>
  <testcase classname="com.amazontest.SearchResultsPageTest" name="LaunchProduct" time="47.580"/>
</testsuite> <!-- com.amazontest.SearchResultsPageTest -->
