<?xml version="1.0" encoding="UTF-8"?>
<!-- Generated by org.testng.reporters.JUnitReportReporter -->
<testsuite hostname="LAPTOP-VRS9433I" failures="0" tests="2" name="com.amazontest.PaymentPageTest" time="147.940" errors="0" timestamp="15 Mar 2021 11:09:33 GMT">
  <testcase classname="com.amazontest.PaymentPageTest" name="EnterPaymentDetails" time="85.489"/>
  <testcase classname="com.amazontest.PaymentPageTest" name="CheckPaymentPageTitle" time="62.451"/>
</testsuite> <!-- com.amazontest.PaymentPageTest -->
