<?xml version="1.0" encoding="UTF-8"?>
<!-- Generated by org.testng.reporters.JUnitReportReporter -->
<testsuite hostname="LAPTOP-VRS9433I" failures="0" tests="2" name="com.amazontest.HomePageTest" time="21.964" errors="0" timestamp="15 Mar 2021 11:09:33 GMT">
  <testcase classname="com.amazontest.HomePageTest" name="ClicktoSignIn" time="12.270"/>
  <testcase classname="com.amazontest.HomePageTest" name="CheckHomePageTitleTest" time="9.694"/>
</testsuite> <!-- com.amazontest.HomePageTest -->
