<?xml version="1.0" encoding="UTF-8"?>
<!-- Generated by org.testng.reporters.JUnitReportReporter -->
<testsuite hostname="LAPTOP-VRS9433I" failures="0" tests="2" name="com.amazontest.AddressPageTest" time="127.419" errors="0" timestamp="15 Mar 2021 11:09:33 GMT">
  <testcase classname="com.amazontest.AddressPageTest" name="ChooseDeliveryAddress" time="71.210"/>
  <testcase classname="com.amazontest.AddressPageTest" name="CheckAddressPageTitle" time="56.209"/>
</testsuite> <!-- com.amazontest.AddressPageTest -->
