<?xml version="1.0" encoding="UTF-8"?>
<!-- Generated by org.testng.reporters.JUnitReportReporter -->
<testsuite hostname="LAPTOP-VRS9433I" failures="0" tests="2" name="com.amazontest.SearchPageTest" time="116.857" errors="0" timestamp="16 Mar 2021 07:08:07 GMT">
  <testcase classname="com.amazontest.SearchPageTest" name="CheckSearchPageTitle" time="55.190"/>
  <testcase classname="com.amazontest.SearchPageTest" name="SearchRequiredProduct" time="61.667"/>
</testsuite> <!-- com.amazontest.SearchPageTest -->
