<?xml version="1.0" encoding="UTF-8"?>
<!-- Generated by org.testng.reporters.JUnitReportReporter -->
<testsuite hostname="LAPTOP-VRS9433I" failures="0" tests="2" name="com.amazontest.AddressPageTest" time="314.345" errors="0" timestamp="16 Mar 2021 07:08:07 GMT">
  <testcase classname="com.amazontest.AddressPageTest" name="ChooseDeliveryAddress" time="128.263"/>
  <testcase classname="com.amazontest.AddressPageTest" name="CheckAddressPageTitle" time="186.082"/>
</testsuite> <!-- com.amazontest.AddressPageTest -->
