<?xml version="1.0" encoding="UTF-8"?>
<!-- Generated by org.testng.reporters.JUnitReportReporter -->
<testsuite hostname="LAPTOP-VRS9433I" failures="0" tests="2" name="com.amazontest.SignInPageTest" time="47.276" errors="0" timestamp="16 Mar 2021 07:08:07 GMT">
  <testcase classname="com.amazontest.SignInPageTest" name="CheckSignInPageTitle" time="27.647"/>
  <testcase classname="com.amazontest.SignInPageTest" name="Login" time="19.629"/>
</testsuite> <!-- com.amazontest.SignInPageTest -->
