<?xml version="1.0" encoding="UTF-8"?>
<!-- Generated by org.testng.reporters.JUnitReportReporter -->
<testsuite hostname="LAPTOP-VRS9433I" failures="0" tests="2" name="com.amazontest.PaymentPageTest" time="326.547" errors="0" timestamp="16 Mar 2021 07:08:07 GMT">
  <testcase classname="com.amazontest.PaymentPageTest" name="EnterPaymentDetails" time="178.077"/>
  <testcase classname="com.amazontest.PaymentPageTest" name="CheckPaymentPageTitle" time="148.470"/>
</testsuite> <!-- com.amazontest.PaymentPageTest -->
