<?xml version="1.0" encoding="UTF-8"?>
<!-- Generated by org.testng.reporters.JUnitReportReporter -->
<testsuite hostname="LAPTOP-VRS9433I" failures="0" tests="2" name="com.amazontest.SearchResultsPageTest" time="102.103" errors="0" timestamp="15 Mar 2021 11:09:33 GMT">
  <testcase classname="com.amazontest.SearchResultsPageTest" name="LaunchProduct" time="66.610"/>
  <testcase classname="com.amazontest.SearchResultsPageTest" name="CheckSearchResultsPageTitle" time="35.493"/>
</testsuite> <!-- com.amazontest.SearchResultsPageTest -->
